
ROM used:   34/8192 (0%)
            34/8192 (0%) including unused fragments

            0.0 Average locations per line
            2.8 Average locations per statement

RAM used:   7/368 (2%) at main() level
            7/368 (2%) worst case

Stack used: 0 worst case (0 in main + 0 for interrupts)
Stack size: 8

Lines Stmts  %   Files
----- ----- ---  -----
   37    12 100  switch.c
  671     0   0  ..\..\..\..\..\Program Files (x86)\PICC\Devices\16F877A.h
----- -----
  708    12 Total

Page ROM  %  RAM   Vol Diff  Functions:
---- --- --- ---   --- ----  ----------
0     30  88    2   433  4.3  main
 Inline         0             @cinit1

Program metrics:
    Functions               1
    Statements              12
    Comments                131
    Volume (V)              436
    Difficulty (D)          4.2
    Effort to implement (E) 1810
    Time to implement (T)   2 minutes
    Est Delivered Bugs (B)  0
    Cyclomatic Complexity   1
    Maintainability (MI)    54

 Segment     Used  Free
-----------  ----  ----
00000-00003     4  0  
00004-007FF    30  2014  
00800-00FFF     0  2048  
01000-017FF     0  2048  
01800-01FFF     0  2048  



